2021-08-28 16:59:30-log: [Package] menu@1.0.0 enable
2021-08-28 16:59:30-log: [Package] messages@1.0.0 enable
2021-08-28 16:59:30-log: [Package] device@1.0.1 enable
2021-08-28 16:59:30-log: [Package] profile@1.0.0 enable
2021-08-28 16:59:30-log: [Package] program@1.0.0 enable
2021-08-28 16:59:30-log: [Package] ui-kit@1.0.0 enable
2021-08-28 16:59:30-log: [Package] preferences@1.0.0 enable
2021-08-28 16:59:30-log: [Package] tester@1.0.0 enable
2021-08-28 16:59:30-log: [Package] engine@1.0.5 enable
2021-08-28 16:59:33-log: [Package] programming@1.0.0 enable
2021-08-28 16:59:30-log: Setup mods mgr.: 269.605ms
2021-08-28 16:59:33-log: [Package] console@1.0.0 enable
2021-08-28 16:59:33-log: [Package] scene@1.0.0 enable
2021-08-28 16:59:33-log: [Package] project@1.0.1 enable
2021-08-28 16:59:33-log: [Package] server@1.0.0 enable
2021-08-28 16:59:34-log: [Package] utils@1.0.0 enable
2021-08-28 16:59:33-log: [Package] asset-db@1.0.0 enable
2021-08-28 16:59:33-log: [Package] about@1.0.0 enable
2021-08-28 16:59:34-log: [Package] hierarchy@1.0.0 enable
2021-08-28 16:59:35-log: [Package] preview@1.0.1 enable
2021-08-28 16:59:34-log: [Package] assets@1.0.0 enable
2021-08-28 16:59:35-log: [Package] animator@1.0.0 enable
2021-08-28 16:59:34-log: [Package] inspector@1.0.0 enable
